nohup: ignoring input
ERROR!!! Tiebreaker between Bears and Vikings could not be calculated
ERROR!!! Tiebreaker between Bears and Packers could not be calculated
ERROR!!! Tiebreaker between Jaguars and Titans could not be calculated
ERROR!!! Tiebreaker between Panthers and Seahawks could not be calculated
ERROR!!! Tiebreaker between Lions and Vikings could not be calculated
ERROR!!! Tiebreaker between Titans and Jaguars could not be calculated
ERROR!!! Tiebreaker between Bengals and Chargers could not be calculated
ERROR!!! Tiebreaker between Eagles and 49ers could not be calculated
ERROR!!! Tiebreaker between Titans and Jaguars could not be calculated
ERROR!!! Tiebreaker between Titans and Jaguars could not be calculated
ERROR!!! Tiebreaker between Titans and Jaguars could not be calculated
ERROR!!! Tiebreaker between Titans and Jaguars could not be calculated
ERROR!!! Tiebreaker between Packers and Bears could not be calculated
ERROR!!! Tiebreaker between Packers and Lions could not be calculated
ERROR!!! Tiebreaker between Commanders and Buccaneers could not be calculated
ERROR!!! Tiebreaker between Titans and Jaguars could not be calculated
ERROR!!! Tiebreaker between Titans and Jaguars could not be calculated
ERROR!!! Tiebreaker between Bears and Vikings could not be calculated
ERROR!!! Tiebreaker between Bills and Chargers could not be calculated
ERROR!!! Tiebreaker between Titans and Jaguars could not be calculated
ERROR!!! Tiebreaker between Jaguars and Titans could not be calculated
ERROR!!! Tiebreaker between Jaguars and Titans could not be calculated
ERROR!!! Tiebreaker between Packers and Bears could not be calculated
ERROR!!! Tiebreaker between Titans and Jaguars could not be calculated
ERROR!!! Tiebreaker between Bengals and Chargers could not be calculated
ERROR!!! Tiebreaker between Seahawks and Panthers could not be calculated
ERROR!!! Tiebreaker between Titans and Jaguars could not be calculated
ERROR!!! Tiebreaker between Buccaneers and Giants could not be calculated
ERROR!!! Tiebreaker between Panthers and Seahawks could not be calculated
ERROR!!! Tiebreaker between Titans and Jaguars could not be calculated
ERROR!!! Tiebreaker between Titans and Jaguars could not be calculated
ERROR!!! Tiebreaker between Panthers and Seahawks could not be calculated
ERROR!!! Tiebreaker between Titans and Jaguars could not be calculated
ERROR!!! Tiebreaker between Titans and Jaguars could not be calculated
ERROR!!! Tiebreaker between Bengals and Ravens could not be calculated
ERROR!!! Tiebreaker between Bills and Bengals could not be calculated
ERROR!!! Tiebreaker between Bears and Packers could not be calculated
ERROR!!! Tiebreaker between Titans and Jaguars could not be calculated
ERROR!!! Tiebreaker between Panthers and Seahawks could not be calculated
ERROR!!! Tiebreaker between Buccaneers and Giants could not be calculated
ERROR!!! Tiebreaker between Panthers and Seahawks could not be calculated
ERROR!!! Tiebreaker between Bears and Packers could not be calculated
ERROR!!! Tiebreaker between Titans and Jaguars could not be calculated
ERROR!!! Tiebreaker between Bears and Packers could not be calculated
ERROR!!! Tiebreaker between Titans and Jaguars could not be calculated
ERROR!!! Tiebreaker between Bengals and Chargers could not be calculated
ERROR!!! Tiebreaker between Panthers and Seahawks could not be calculated
ERROR!!! Tiebreaker between Titans and Jaguars could not be calculated
ERROR!!! Tiebreaker between Bears and Packers could not be calculated
ERROR!!! Tiebreaker between Falcons and Buccaneers could not be calculated
ERROR!!! Tiebreaker between Falcons and Buccaneers could not be calculated
ERROR!!! Tiebreaker between Panthers and Seahawks could not be calculated
ERROR!!! Tiebreaker between Titans and Jaguars could not be calculated
ERROR!!! Tiebreaker between 49ers and Commanders could not be calculated
ERROR!!! Tiebreaker between Bengals and Bills could not be calculated
ERROR!!! Tiebreaker between 49ers and Eagles could not be calculated
ERROR!!! Tiebreaker between Commanders and Buccaneers could not be calculated
ERROR!!! Tiebreaker between Seahawks and Panthers could not be calculated
ERROR!!! Tiebreaker between Panthers and Seahawks could not be calculated
ERROR!!! Tiebreaker between Titans and Jaguars could not be calculated
ERROR!!! Tiebreaker between Titans and Jaguars could not be calculated
ERROR!!! Tiebreaker between Ravens and Browns could not be calculated
ERROR!!! Tiebreaker between Ravens and Browns could not be calculated
ERROR!!! Tiebreaker between Titans and Jaguars could not be calculated
ERROR!!! Tiebreaker between Chargers and Raiders could not be calculated
ERROR!!! Tiebreaker between Jaguars and Titans could not be calculated
ERROR!!! Tiebreaker between Titans and Jaguars could not be calculated
ERROR!!! Tiebreaker between Ravens and Browns could not be calculated
ERROR!!! Tiebreaker between Ravens and Browns could not be calculated
ERROR!!! Tiebreaker between Bears and Packers could not be calculated
ERROR!!! Tiebreaker between Panthers and Seahawks could not be calculated
ERROR!!! Tiebreaker between Vikings and Bears could not be calculated
ERROR!!! Tiebreaker between Panthers and Seahawks could not be calculated
ERROR!!! Tiebreaker between Jets and Bills could not be calculated
ERROR!!! Tiebreaker between Commanders and Cowboys could not be calculated
ERROR!!! Tiebreaker between Vikings and Packers could not be calculated
ERROR!!! Tiebreaker between Lions and Packers could not be calculated
ERROR!!! Tiebreaker between Jaguars and Titans could not be calculated
ERROR!!! Tiebreaker between Panthers and Seahawks could not be calculated
ERROR!!! Tiebreaker between Cowboys and Buccaneers could not be calculated
ERROR!!! Tiebreaker between Jaguars and Titans could not be calculated
ERROR!!! Tiebreaker between Bears and Packers could not be calculated
ERROR!!! Tiebreaker between Patriots and Browns could not be calculated
ERROR!!! Tiebreaker between Jaguars and Titans could not be calculated
ERROR!!! Tiebreaker between Panthers and Seahawks could not be calculated
ERROR!!! Tiebreaker between Bengals and Raiders could not be calculated
ERROR!!! Tiebreaker between Titans and Jaguars could not be calculated
ERROR!!! Tiebreaker between Bears and Vikings could not be calculated
ERROR!!! Tiebreaker between Bears and Vikings could not be calculated
ERROR!!! Tiebreaker between Titans and Jaguars could not be calculated
ERROR!!! Tiebreaker between Vikings and Bears could not be calculated
ERROR!!! Tiebreaker between Vikings and Packers could not be calculated
ERROR!!! Tiebreaker between Bengals and Raiders could not be calculated
ERROR!!! Tiebreaker between Chargers and Bills could not be calculated
ERROR!!! Tiebreaker between Buccaneers and Giants could not be calculated
ERROR!!! Tiebreaker between Titans and Jaguars could not be calculated
ERROR!!! Tiebreaker between Titans and Jaguars could not be calculated
ERROR!!! Tiebreaker between Panthers and Seahawks could not be calculated
ERROR!!! Tiebreaker between Bears and Vikings could not be calculated
ERROR!!! Tiebreaker between Packers and Vikings could not be calculated
ERROR!!! Tiebreaker between Patriots and Browns could not be calculated
ERROR!!! Tiebreaker between Titans and Jaguars could not be calculated
ERROR!!! Tiebreaker between Bengals and Ravens could not be calculated
ERROR!!! Tiebreaker between Panthers and Seahawks could not be calculated
ERROR!!! Tiebreaker between Titans and Jaguars could not be calculated
ERROR!!! Tiebreaker between Titans and Jaguars could not be calculated
ERROR!!! Tiebreaker between Packers and Vikings could not be calculated
ERROR!!! Tiebreaker between Packers and Lions could not be calculated
ERROR!!! Tiebreaker between Titans and Jaguars could not be calculated
ERROR!!! Tiebreaker between Chargers and Raiders could not be calculated
ERROR!!! Tiebreaker between Titans and Jaguars could not be calculated
ERROR!!! Tiebreaker between Titans and Jaguars could not be calculated
ERROR!!! Tiebreaker between Panthers and Seahawks could not be calculatedINFO:     Started server process [36416]
INFO:     Waiting for application startup.
INFO:     Application startup complete.
ERROR:    [Errno 10048] error while attempting to bind on address ('0.0.0.0', 8000): [winerror 10048] only one usage of each socket address (protocol/network address/port) is normally permitted
INFO:     Waiting for application shutdown.
INFO:     Application shutdown complete.

ERROR!!! Tiebreaker between Bears and Vikings could not be calculated
ERROR!!! Tiebreaker between Giants and Eagles could not be calculated
ERROR!!! Tiebreaker between Titans and Jaguars could not be calculated
ERROR!!! Tiebreaker between Vikings and Bears could not be calculated
ERROR!!! Tiebreaker between Jaguars and Titans could not be calculated
ERROR!!! Tiebreaker between Panthers and Seahawks could not be calculated
ERROR!!! Tiebreaker between Titans and Jaguars could not be calculated
ERROR!!! Tiebreaker between Titans and Jaguars could not be calculated
ERROR!!! Tiebreaker between Panthers and Seahawks could not be calculated
ERROR!!! Tiebreaker between Panthers and Seahawks could not be calculated
ERROR!!! Tiebreaker between Bears and Packers could not be calculated
ERROR!!! Tiebreaker between Titans and Jaguars could not be calculated
ERROR!!! Tiebreaker between Bills and Chargers could not be calERROR!!! Tiebreaker between Panthers and Seahawks could not be calculated
ERROR!!! Tiebreaker between Lions and Packers could not be calculated
ERROR!!! Tiebreaker between Bills and Jets could not be calculated
ERROR!!! Tiebreaker between Bears and Vikings could not be calculated
ERROR!!! Tiebreaker between Jaguars and Titans could not be calculated
ERROR!!! Tiebreaker between Panthers and Seahawks could not be calculated
ERROR!!! Tiebreaker between Falcons and Buccaneers could not be calculated
ERROR!!! Tiebreaker between Falcons and Buccaneers could not be calculated
ERROR!!! Tiebreaker between Buccaneers and Giants could not be calculated
Starting 7 team tiebreaker between Vikings, Falcons, Commanders, Cowboys, Eagles, Lions, and 49ers
ERROR!!! Tiebreaker between Titans and Jaguars could not be calculated
Starting 7 team tiebreaker between Falcons, Cardinals, Commanders, Cowboys, Eagles, Lions, and Rams
ERROR!!! Tiebreaker between Packers and Vikings could not be calculated
ERROR!!! Tiebreaker between Browns and Ravens could not be calculated
ERROR!!! Tiebreaker between Packers and Vikings could not be calculated
ERROR!!! Tiebreaker between 49ers and Cowboys could not be calculated
ERROR!!! Tiebreaker between Panthers and Seahawks could not be calculated
ERROR!!! Tiebreaker between Buccaneers and Giants could not be calculated
ERROR!!! Tiebreaker between Bengals and Chargers could not be calculated
ERROR!!! Tiebreaker between Chargers and Raiders could not be calculated
ERROR!!! Tiebreaker between Falcons and Buccaneers could not be calculated
ERROR!!! Tiebreaker between Falcons and Buccaneers could not be calculated
ERROR!!! Tiebreaker between Packers and Vikings could not be calculated
ERROR!!! Tiebreaker between Ravens and Browns could not be calculated
ERROR!!! Tiebreaker between Browns and Ravens could not be calculated
ERROR!!! Tiebreaker between Bears and Vikings could not be calculated
ERROR!!! Tiebreaker between Titans and Jaguars could not be calculated
ERROR!!! Tiebreaker between Panthers and Seahawks could not be calculated
Starting 7 team tiebreaker between Falcons, Cardinals, Commanders, Cowboys, Eagles, Bears, and Rams
ERROR!!! Tiebreaker between 49ers and Commanders could not be calculated
ERROR!!! Tiebreaker between Bengals and Bills could not be calculated
ERROR!!! Tiebreaker between Buccaneers and Giants could not be calculated
ERROR!!! Tiebreaker between Panthers and Seahawks could not be calculated
ERROR!!! Tiebreaker between Panthers and Seahawks could not be calculated
ERROR!!! Tiebreaker between Titans and Jaguars could not be calculated
ERROR!!! Tiebreaker between Titans and Jaguars could not be calculated
ERROR!!! Tiebreaker between Vikings and Packers could not be calculated
ERROR!!! Tiebreaker between Bengals and Chargers could not be calculated
ERROR!!! Tiebreaker between Panthers and Seahawks could not be calculated
ERROR!!! Tiebreaker between Panthers and Seahawks could not be calculated
ERROR!!! Tiebreaker between Bengals and Bills could not be calculated
ERROR!!! Tiebreaker between Bears and Packers could not be calculated
ERROR!!! Tiebreaker between 49ers and Commanders could not be calculated
ERROR!!! Tiebreaker between Titans and Jaguars could not be calculated
ERROR!!! Tiebreaker between Titans and Jaguars could not be calculated
ERROR!!! Tiebreaker between Bengals and Raiders could not be calculated
ERROR!!! Tiebreaker between Panthers and Seahawks could not be calculated
ERROR!!! Tiebreaker between Browns and Bengals could not be calculated
ERROR!!! Tiebreaker between Browns and Bengals could not be calculated
ERROR!!! Tiebreaker between Titans and Jaguars could not be calculated
ERROR!!! Tiebreaker between Bengals and Chargers could not be calculated
ERROR!!! Tiebreaker between Panthers and Seahawks could not be calculated
ERROR!!! Tiebreaker between Panthers and Seahawks could not be calculated
ERROR!!! Tiebreaker between Vikings and Packers could not be calculated
ERROR!!! Tiebreaker between Panthers and Seahawks could not be calculated
ERROR!!! Tiebreaker between Bengals and Chargers could not be calculated
ERROR!!! Tiebreaker between Jets and Bills could not be calculated
ERROR!!! Tiebreaker between Buccaneers and Giants could not be calculated
ERROR!!! Tiebreaker between Lions and Packers could not be calculated
ERROR!!! Tiebreaker between Bears and Vikings could not be calculated
ERROR!!! Tiebreaker between Titans and Jaguars could not be calculated
ERROR!!! Tiebreaker between Buccaneers and Giants could not be calculated
ERROR!!! Tiebreaker between Panthers and Seahawks could not be calculated
Starting 7 team tiebreaker between 49ers, Commanders, Cowboys, Eagles, Bears, Falcons, and Cardinals
ERROR!!! Tiebreaker between Panthers and Seahawks could not be calculated
ERROR!!! Tiebreaker between Panthers and Seahawks could not be calculated
ERROR!!! Tiebreaker between Bills and Bengals could not be calculated
ERROR!!! Tiebreaker between Panthers and Seahawks could not be calculated
ERROR!!! Tiebreaker between Bears and Packers could not be calculated
ERROR!!! Tiebreaker between Vikings and Bears could not be calculated
ERROR!!! Tiebreaker between Jets and Bills could not be calculated
ERROR!!! Tiebreaker between Bengals and Ravens could not be calculated
ERROR!!! Tiebreaker between Bills and Chargers could not be calculated
ERROR!!! Tiebreaker between Bengals and Ravens could not be calculated
ERROR!!! Tiebreaker between Patriots and Browns could not be calculated
ERROR!!! Tiebreaker between 49ers and Cowboys could not be calculated
ERROR!!! Tiebreaker between Jaguars and Titans could not be calculated
ERROR!!! Tiebreaker between Titans and Jaguars could not be calculated
ERROR!!! Tiebreaker between Eagles and Falcons could not be calculated
ERROR!!! Tiebreaker between Bills and Bengals could not be calculated
ERROR!!! Tiebreaker between Packers and Lions could not be calculated
ERROR!!! Tiebreaker between Buccaneers and Giants could not be calculated
ERROR!!! Tiebreaker between Cowboys and 49ers could not be calculated
ERROR!!! Tiebreaker between Bengals and Raiders could not be calculated
ERROR!!! Tiebreaker between Panthers and Seahawks could not be calculated
ERROR!!! Tiebreaker between Buccaneers and Giants could not be calculated
ERROR!!! Tiebreaker between Bengals and Chargers could not be calculated
ERROR!!! Tiebreaker between Vikings and Packers could not be calculated
ERROR!!! Tiebreaker between Bengals and Chargers could not be calculated
ERROR!!! Tiebreaker between Bengals and Chargers could not be calculated
ERROR!!! Tiebreaker between Commanders and Buccaneers could not be calculated
ERROR!!! Tiebreaker between Panthers and Seahawks could not be calculated
ERROR!!! Tiebreaker between Falcons and Buccaneers could not be calculated
ERROR!!! Tiebreaker between Falcons and Buccaneers could not be calculated
ERROR!!! Tiebreaker between Browns and Patriots could not be calculated
ERROR!!! Tiebreaker between Raiders and Bengals could not be calculated
ERROR!!! Tiebreaker between Buccaneers and Giants could not be calculated
ERROR!!! Tiebreaker between Titans and Jaguars could not be calculated
ERROR!!! Tiebreaker between Panthers and Seahawks could not be calculated
ERROR!!! Tiebreaker between Bengals and Chargers could not be calculated
ERROR!!! Tiebreaker between Browns and Patriots could not be calculated
ERROR!!! Tiebreaker between Panthers and Seahawks could not be calculated
ERROR!!! Tiebreaker between Bengals and Chargers could not be calculated
ERROR!!! Tiebreaker between Buccaneers and Giants could not be calculated
ERROR!!! Tiebreaker between Packers and Lions could not be calculated
ERROR!!! Tiebreaker between Titans and Jaguars could not be calculated
Starting 7 team tiebreaker between 49ers, Cardinals, Cowboys, Eagles, Vikings, Falcons, and Rams
ERROR!!! Tiebreaker between Bears and Vikings could not be calculated
ERROR!!! Tiebreaker between Commanders and 49ers could not be calculated
ERROR!!! Tiebreaker between Buccaneers and Giants could not be calculated
ERROR!!! Tiebreaker between Jets and Bills could not be calculated2025-09-20 14:58:24,509 - INFO - HTTP Request: DELETE https://gypbjlbuznipjrvbhlbg.supabase.co/rest/v1/PlayoffOdds?teamId=neq.-1 "HTTP/2 200 OK"
2025-09-20 14:58:24,621 - INFO - HTTP Request: POST https://gypbjlbuznipjrvbhlbg.supabase.co/rest/v1/PlayoffOdds?columns=%22fourseed%22%2C%22oneseed%22%2C%22teamId%22%2C%22fiveseed%22%2C%22sevenseed%22%2C%22division%22%2C%22sixseed%22%2C%22threeseed%22%2C%22playoffs%22%2C%22twoseed%22 "HTTP/2 201 Created"
2025-09-20 14:58:24,733 - INFO - playoffPercentages ran successfully

ERROR!!! Tiebreaker between Falcons and Buccaneers could not be calculated
ERROR!!! Tiebreaker between Buccaneers and Falcons could not be calculated
ERROR!!! Tiebreaker between Buccaneers and Giants could not be calculated
ERROR!!! Tiebreaker between Panthers and Seahawks could not be calculated
ERROR!!! Tiebreaker between Panthers and Seahawks could not be calculated
ERROR!!! Tiebreaker between Bears and Packers could not be calculated
ERROR!!! Tiebreaker between Titans and Jaguars could not be calculated
ERROR!!! Tiebreaker between Jets and Bills could not be calculated
ERROR!!! Tiebreaker between Bears and Vikings could not be calculated
ERROR!!! Tiebreaker between Bills and Bengals could not be calculated
ERROR!!! Tiebreaker between Bengals and Bills could not be calculated
ERROR!!! Tiebreaker between Bengals and Chargers could not be calculated
ERROR!!! Tiebreaker between Bengals and Chargers could not be calculated
ERROR!!! Tiebreaker between 49ers and Commanders could not be calculated
ERROR!!! Tiebreaker between Vikings and Bears could not be calculated
ERROR!!! Tiebreaker between Panthers and Seahawks could not be calculated
ERROR!!! Tiebreaker between Bengals and Chargers could not be calculated
Starting 7 team tiebreaker between Falcons, 49ers, Commanders, Cowboys, Eagles, Lions, and Cardinals
Playoff odds inserted into Supabase successfully.
INFO:     2600:1f18:5427:6507:303a:4f1c:163d:ae3:0 - "POST /update-odds HTTP/1.1" 200 OK
2025-09-20 14:58:24,776 - INFO - POST /update-odds called
ERROR!!! Tiebreaker between Panthers and Seahawks could not be calculated
ERROR!!! Tiebreaker between Titans and Jaguars could not be calculated
ERROR!!! Tiebreaker between Lions and Vikings could not be calculated
ERROR!!! Tiebreaker between Packers and Lions could not be calculated
ERROR!!! Tiebreaker between Bears and Vikings could not be calculated
ERROR!!! Tiebreaker between Panthers and Seahawks could not be calculated
ERROR!!! Tiebreaker between Chargers and Bills could not be calculated
ERROR!!! Tiebreaker between Bengals and Chargers could not be calculated
ERROR!!! Tiebreaker between Bengals and Chargers could not be calculated
ERROR!!! Tiebreaker between Jaguars and Titans could not be calculated
ERROR!!! Tiebreaker between Panthers and Seahawks could not be calculated
ERROR!!! Tiebreaker between Titans and Jaguars could not be calculated
ERROR!!! Tiebreaker between Panthers and Seahawks could not be calculated
ERROR!!! Tiebreaker between Bears and Packers could not be calculated
ERROR!!! Tiebreaker between Bears and Vikings could not be calculated
ERROR!!! Tiebreaker between Bengals and Chargers could not be calculated
ERROR!!! Tiebreaker between Bills and Jets could not be calculated
ERROR!!! Tiebreaker between Bears and Vikings could not be calculated
ERROR!!! Tiebreaker between Panthers and Seahawks could not be calculated
ERROR!!! Tiebreaker between Buccaneers and Giants could not be calculated
ERROR!!! Tiebreaker between 49ers and Cowboys could not be calculated
ERROR!!! Tiebreaker between Titans and Jaguars could not be calculated
ERROR!!! Tiebreaker between Bengals and Chargers could not be calculated
ERROR!!! Tiebreaker between Packers and Lions could not be calculated
ERROR!!! Tiebreaker between Vikings and Bears could not be calculated
ERROR!!! Tiebreaker between Lions and 49ers could not be calculated
ERROR!!! Tiebreaker between Jaguars and Titans could not be calculated
ERROR!!! Tiebreaker between Patriots and Browns could not be calculated
ERROR!!! Tiebreaker between Lions and Packers could not be calculated
ERROR!!! Tiebreaker between Cowboys and Buccaneers could not be calculated
ERROR!!! Tiebreaker between Bengals and Ravens could not be calculated
ERROR!!! Tiebreaker between Chargers and Raiders could not be calculated
ERROR!!! Tiebreaker between Lions and Packers could not be calculated
ERROR!!! Tiebreaker between Chargers and Bengals could not be calculated
ERROR!!! Tiebreaker between Buccaneers and Giants could not be calculated
ERROR!!! Tiebreaker between Bears and Vikings could not be calculated
ERROR!!! Tiebreaker between Panthers and Seahawks could not be calculated
ERROR!!! Tiebreaker between Titans and Jaguars could not be calculated
ERROR!!! Tiebreaker between Panthers and Seahawks could not be calculated
ERROR!!! Tiebreaker between Bengals and Chargers could not be calculated
ERROR!!! Tiebreaker between Bengals and Chargers could not be calculated
ERROR!!! Tiebreaker between Vikings and Bears could not be calculated
ERROR!!! Tiebreaker between 49ers and Eagles could not be calculated
ERROR!!! Tiebreaker between Panthers and Seahawks could not be calculated
ERROR!!! Tiebreaker between Packers and Vikings could not be calculated
ERROR!!! Tiebreaker between Buccaneers and Giants could not be calculated
ERROR!!! Tiebreaker between Lions and Packers could not be calculated
ERROR!!! Tiebreaker between Panthers and Seahawks could not be calculated
ERROR!!! Tiebreaker between Bears and Vikings could not be calculated
ERROR!!! Tiebreaker between Cowboys and Buccaneers could not be calculated
ERROR!!! Tiebreaker between Jaguars and Titans could not be calculated
ERROR!!! Tiebreaker between Bears and Packers could not be calculated
ERROR!!! Tiebreaker between Lions and Packers could not be calculated
ERROR!!! Tiebreaker between Bears and Vikings could not be calculated
ERROR!!! Tiebreaker between Patriots and Browns could not be calculated
ERROR!!! Tiebreaker between Panthers and Seahawks could not be calculated
Starting 7 team tiebreaker between Falcons, 49ers, Commanders, Cowboys, Eagles, Bears, and Rams
ERROR!!! Tiebreaker between 49ers and Cowboys could not be calculated
ERROR!!! Tiebreaker between Panthers and Seahawks could not be calculated
ERROR!!! Tiebreaker between Chargers and Raiders could not be calculated
ERROR!!! Tiebreaker between Buccaneers and Giants could not be calculated
ERROR!!! Tiebreaker between Titans and Jaguars could not be calculated
ERROR!!! Tiebreaker between Panthers and Seahawks could not be calculated
ERROR!!! Tiebreaker between Titans and Jaguars could not be calculated
ERROR!!! Tiebreaker between Buccaneers and Giants could not be calculated
ERROR!!! Tiebreaker between Panthers and Seahawks could not be calculated
ERROR!!! Tiebreaker between Titans and Jaguars could not be calculated
ERROR!!! Tiebreaker between Panthers and Seahawks could not be calculated
ERROR!!! Tiebreaker between Bengals and Chargers could not be calculated
ERROR!!! Tiebreaker between Bengals and Ravens could not be calculated
ERROR!!! Tiebreaker between Titans and Jaguars could not be calculated
ERROR!!! Tiebreaker between Panthers and Seahawks could not be calculated
ERROR!!! Tiebreaker between 49ers and Eagles could not be calculated
ERROR!!! Tiebreaker between Panthers and Seahawks could not be calculated
ERROR!!! Tiebreaker between Bengals and Ravens could not be calculated
ERROR!!! Tiebreaker between Panthers and Seahawks could not be calculated
ERROR!!! Tiebreaker between Buccaneers and Giants could not be calculated
ERROR!!! Tiebreaker between Vikings and Bears could not be calculated
ERROR!!! Tiebreaker between Packers and Vikings could not be calculated
ERROR!!! Tiebreaker between Panthers and Seahawks could not be calculated
ERROR!!! Tiebreaker between Vikings and Bears could not be calculated
ERROR!!! Tiebreaker between Bengals and Ravens could not be calculated
ERROR!!! Tiebreaker between Lions and Packers could not be calculated
ERROR!!! Tiebreaker between Vikings and Packers could not be calculated
ERROR!!! Tiebreaker between Buccaneers and Giants could not be calculated
ERROR!!! Tiebreaker between Panthers and Seahawks could not be calculated
ERROR!!! Tiebreaker between Falcons and Buccaneers could not be calculated
ERROR!!! Tiebreaker between Buccaneers and Falcons could not be calculated
ERROR!!! Tiebreaker between Buccaneers and Giants could not be calculated
ERROR!!! Tiebreaker between Ravens and Bengals could not be calculated
ERROR!!! Tiebreaker between Ravens and Bengals could not be calculated
ERROR!!! Tiebreaker between Titans and Jaguars could not be calculated
ERROR!!! Tiebreaker between Titans and Jaguars could not be calculated
ERROR!!! Tiebreaker between Bills and Jets could not be calculated
ERROR!!! Tiebreaker between Panthers and Seahawks could not be calculated
ERROR!!! Tiebreaker between Vikings and Bears could not be calculated
ERROR!!! Tiebreaker between Bengals and Chargers could not be calculated
ERROR!!! Tiebreaker between Panthers and Seahawks could not be calculated
ERROR!!! Tiebreaker between Buccaneers and Giants could not be calculated
ERROR!!! Tiebreaker between Bears and Packers could not be calculated
ERROR!!! Tiebreaker between Titans and Jaguars could not be calculated
ERROR!!! Tiebreaker between Bills and Jets could not be calculated
ERROR!!! Tiebreaker between Panthers and Seahawks could not be calculated
ERROR!!! Tiebreaker between Eagles and Falcons could not be calculated
ERROR!!! Tiebreaker between Bills and Jets could not be calculated
ERROR!!! Tiebreaker between Jaguars and Titans could not be calculated
ERROR!!! Tiebreaker between Ravens and Bengals could not be calculated
ERROR!!! Tiebreaker between Ravens and Bengals could not be calculated
ERROR!!! Tiebreaker between Jaguars and Titans could not be calculated
ERROR!!! Tiebreaker between Jets and Chiefs could not be calculated
ERROR!!! Tiebreaker between Panthers and Seahawks could not be calculated
ERROR!!! Tiebreaker between Bengals and Raiders could not be calculated
ERROR!!! Tiebreaker between Jets and Bills could not be calculated2025-09-20 15:28:45,221 - INFO - HTTP Request: DELETE https://gypbjlbuznipjrvbhlbg.supabase.co/rest/v1/PlayoffOdds?teamId=neq.-1 "HTTP/2 200 OK"
2025-09-20 15:28:45,316 - INFO - HTTP Request: POST https://gypbjlbuznipjrvbhlbg.supabase.co/rest/v1/PlayoffOdds?columns=%22fourseed%22%2C%22oneseed%22%2C%22teamId%22%2C%22fiveseed%22%2C%22sevenseed%22%2C%22division%22%2C%22sixseed%22%2C%22threeseed%22%2C%22playoffs%22%2C%22twoseed%22 "HTTP/2 201 Created"
2025-09-20 15:28:45,360 - INFO - playoffPercentages ran successfully

ERROR!!! Tiebreaker between Buccaneers and Giants could not be calculated
ERROR!!! Tiebreaker between Panthers and Seahawks could not be calculated
ERROR!!! Tiebreaker between Bengals and Chargers could not be calculated
ERROR!!! Tiebreaker between Lions and Packers could not be calculated
ERROR!!! Tiebreaker between Panthers and Seahawks could not be calculated
ERROR!!! Tiebreaker between Buccaneers and Giants could not be calculated
ERROR!!! Tiebreaker between Vikings and Bears could not be calculated
Playoff odds inserted into Supabase successfully.
INFO:     2600:1f18:5427:650b:5591:c50b:86fd:3bb6:0 - "POST /update-odds HTTP/1.1" 200 OK
2025-09-20 15:28:45,370 - INFO - POST /update-odds called
ERROR!!! Tiebreaker between Panthers and Seahawks could not be calculated
Starting 7 team tiebreaker between Falcons, 49ers, Commanders, Cowboys, Eagles, Lions, and Cardinals
ERROR!!! Tiebreaker between Panthers and Seahawks could not be calculated
ERROR!!! Tiebreaker between Bills and Chargers could not be calculated
ERROR!!! Tiebreaker between Packers and Lions could not be calculated
ERROR!!! Tiebreaker between Bears and Vikings could not be calculated
ERROR!!! Tiebreaker between Bills and Bengals could not be calculated
ERROR!!! Tiebreaker between Panthers and Seahawks could not be calculated
ERROR!!! Tiebreaker between Jets and Bills could not be calculated
ERROR!!! Tiebreaker between Jets and Bills could not be calculated
ERROR!!! Tiebreaker between 49ers and Eagles could not be calculated
ERROR!!! Tiebreaker between Browns and Bengals could not be calculated
ERROR!!! Tiebreaker between Browns and Bengals could not be calculated
ERROR!!! Tiebreaker between Bears and Packers could not be calculated
ERROR!!! Tiebreaker between Bears and Packers could not be calculated
ERROR!!! Tiebreaker between Lions and Packers could not be calculated
ERROR!!! Tiebreaker between Panthers and Seahawks could not be calculated
ERROR!!! Tiebreaker between Panthers and Seahawks could not be calculated
ERROR!!! Tiebreaker between Packers and Bears could not be calculated
ERROR!!! Tiebreaker between Lions and Packers could not be calculated
ERROR!!! Tiebreaker between Bengals and Chargers could not be calculated
ERROR!!! Tiebreaker between Packers and Lions could not be calculated
ERROR!!! Tiebreaker between Buccaneers and Giants could not be calculated
ERROR!!! Tiebreaker between Bears and Vikings could not be calculated
ERROR!!! Tiebreaker between Bengals and Raiders could not be calculated
ERROR!!! Tiebreaker between Bengals and Raiders could not be calculated
ERROR!!! Tiebreaker between Browns and Bengals could not be calculated
ERROR!!! Tiebreaker between Browns and Bengals could not be calculated
ERROR!!! Tiebreaker between Vikings and Bears could not be calculated
ERROR!!! Tiebreaker between Bears and Packers could not be calculated
ERROR!!! Tiebreaker between Bengals and Bills could not be calculated
ERROR!!! Tiebreaker between 49ers and Eagles could not be calculated
ERROR!!! Tiebreaker between Titans and Jaguars could not be calculated
ERROR!!! Tiebreaker between Panthers and Seahawks could not be calculated
ERROR!!! Tiebreaker between Bears and Vikings could not be calculated
ERROR!!! Tiebreaker between Bears and Vikings could not be calculated
ERROR!!! Tiebreaker between Titans and Jaguars could not be calculated
ERROR!!! Tiebreaker between Packers and Lions could not be calculated
ERROR!!! Tiebreaker between Buccaneers and Giants could not be calculated
ERROR!!! Tiebreaker between Packers and Vikings could not be calculated
ERROR!!! Tiebreaker between Vikings and Bears could not be calculated
ERROR!!! Tiebreaker between Panthers and Seahawks could not be calculated
ERROR!!! Tiebreaker between Jaguars and Titans could not be calculated
ERROR!!! Tiebreaker between Bengals and Raiders could not be calculated
ERROR!!! Tiebreaker between Jets and Bills could not be calculated
ERROR!!! Tiebreaker between Titans and Jaguars could not be calculated
ERROR!!! Tiebreaker between Bengals and Chargers could not be calculated
ERROR!!! Tiebreaker between Panthers and Seahawks could not be calculated
ERROR!!! Tiebreaker between Titans and Jaguars could not be calculated
ERROR!!! Tiebreaker between Commanders and 49ers could not be calculated
ERROR!!! Tiebreaker between Bengals and Ravens could not be calculated
ERROR!!! Tiebreaker between Titans and Jaguars could not be calculated
ERROR!!! Tiebreaker between Lions and Packers could not be calculated
ERROR!!! Tiebreaker between Lions and Packers could not be calculated
ERROR!!! Tiebreaker between Bengals and Raiders could not be calculated
ERROR!!! Tiebreaker between Titans and Jaguars could not be calculated
ERROR!!! Tiebreaker between Jaguars and Titans could not be calculated
ERROR!!! Tiebreaker between Packers and Lions could not be calculated
ERROR!!! Tiebreaker between Jets and Bills could not be calculated
ERROR!!! Tiebreaker between Titans and Jaguars could not be calculated
ERROR!!! Tiebreaker between Falcons and Packers could not be calculated
ERROR!!! Tiebreaker between Titans and Jaguars could not be calculated
ERROR!!! Tiebreaker between Chargers and Bengals could not be calculated
ERROR!!! Tiebreaker between Panthers and Seahawks could not be calculated
ERROR!!! Tiebreaker between Packers and Bears could not be calculated
ERROR!!! Tiebreaker between Bears and Packers could not be calculated
ERROR!!! Tiebreaker between Bears and Packers could not be calculated
ERROR!!! Tiebreaker between Jets and Chiefs could not be calculated
ERROR!!! Tiebreaker between Commanders and Buccaneers could not be calculated
ERROR!!! Tiebreaker between Ravens and Browns could not be calculated
ERROR!!! Tiebreaker between Ravens and Browns could not be calculated
ERROR!!! Tiebreaker between Panthers and Seahawks could not be calculated
ERROR!!! Tiebreaker between Panthers and Seahawks could not be calculated
ERROR!!! Tiebreaker between Bengals and Chargers could not be calculated
ERROR!!! Tiebreaker between Bills and Jets could not be calculated
ERROR!!! Tiebreaker between Bengals and Raiders could not be calculated
ERROR!!! Tiebreaker between Bengals and Chargers could not be calculated
ERROR!!! Tiebreaker between Titans and Jaguars could not be calculated
ERROR!!! Tiebreaker between Bears and Packers could not be calculated
ERROR!!! Tiebreaker between Bears and Packers could not be calculated
ERROR!!! Tiebreaker between Bears and Packers could not be calculated
ERROR!!! Tiebreaker between Packers and Lions could not be calculated
ERROR!!! Tiebreaker between Packers and Lions could not be calculated
ERROR!!! Tiebreaker between 49ers and Cowboys could not be calculated
ERROR!!! Tiebreaker between Chargers and Bengals could not be calculated
ERROR!!! Tiebreaker between Panthers and Seahawks could not be calculated
ERROR!!! Tiebreaker between Falcons and Buccaneers could not be calculated
ERROR!!! Tiebreaker between Buccaneers and Falcons could not be calculated
ERROR!!! Tiebreaker between Vikings and Bears could not be calculated
ERROR!!! Tiebreaker between Bengals and Chargers could not be calculated
ERROR!!! Tiebreaker between Titans and Jaguars could not be calculated
ERROR!!! Tiebreaker between Titans and Jaguars could not be calculated
ERROR!!! Tiebreaker between Titans and Jaguars could not be calculated
ERROR!!! Tiebreaker between Panthers and Seahawks could not be calculated
ERROR!!! Tiebreaker between Commanders and 49ers could not be calculated
ERROR!!! Tiebreaker between Packers and Vikings could not be calculated
ERROR!!! Tiebreaker between Panthers and Seahawks could not be calculated
ERROR!!! Tiebreaker between Vikings and Bears could not be calculated
ERROR!!! Tiebreaker between Titans and Jaguars could not be calculated
ERROR!!! Tiebreaker between Giants and Buccaneers could not be calculated
ERROR!!! Tiebreaker between Lions and Packers could not be calculated
ERROR!!! Tiebreaker between Titans and Jaguars could not be calculated
ERROR!!! Tiebreaker between Buccaneers and Giants could not be calculated
ERROR!!! Tiebreaker between Bills and Chargers could not be calculated
ERROR!!! Tiebreaker between Panthers and Seahawks could not be calculated
ERROR!!! Tiebreaker between Vikings and Packers could not be calculated
ERROR!!! Tiebreaker between Bears and Packers could not be calculated
ERROR!!! Tiebreaker between Lions and Packers could not be calculated
ERROR!!! Tiebreaker between Bears and Packers could not be calculated
ERROR!!! Tiebreaker between Bengals and Chargers could not be calculated
ERROR!!! Tiebreaker between Ravens and Bengals could not be calculated
ERROR!!! Tiebreaker between Ravens and Bengals could not be calculated
ERROR!!! Tiebreaker between Packers and Lions could not be calculated2025-09-20 15:35:53,492 - INFO - HTTP Request: DELETE https://gypbjlbuznipjrvbhlbg.supabase.co/rest/v1/PlayoffOdds?teamId=neq.-1 "HTTP/2 200 OK"
2025-09-20 15:35:53,697 - INFO - HTTP Request: POST https://gypbjlbuznipjrvbhlbg.supabase.co/rest/v1/PlayoffOdds?columns=%22fourseed%22%2C%22oneseed%22%2C%22teamId%22%2C%22fiveseed%22%2C%22sevenseed%22%2C%22division%22%2C%22sixseed%22%2C%22threeseed%22%2C%22playoffs%22%2C%22twoseed%22 "HTTP/2 201 Created"
2025-09-20 15:35:53,769 - INFO - playoffPercentages ran successfully

ERROR!!! Tiebreaker between Giants and Eagles could not be calculated
ERROR!!! Tiebreaker between Titans and Jaguars could not be calculated
ERROR!!! Tiebreaker between Packers and Lions could not be calculated
ERROR!!! Tiebreaker between Titans and Jaguars could not be calculated
ERROR!!! Tiebreaker between Jaguars and Titans could not be calculated
Playoff odds inserted into Supabase successfully.
INFO:     2600:1f18:5427:6500:615d:dc8b:2244:2ed9:0 - "POST /update-odds HTTP/1.1" 200 OK
